Using pre-set license
Built from '2022.1/staging' branch; Version is '2022.1.23f1 (9636b062134a) revision 9844400'; Using compiler version '192829333'; Build Type 'Release'
OS: 'Windows 10  (10.0.19045) 64bit Professional' Language: 'en' Physical Memory: 16252 MB
BatchMode: 1, IsHumanControllingUs: 0, StartBugReporterOnCrash: 0, Is64bit: 1, IsPro: 1

COMMAND LINE ARGUMENTS:
D:\Unity\2022.1.23f1\Editor\Unity.exe
-adb2
-batchMode
-noUpm
-name
AssetImportWorker0
-projectPath
E:/Unity projects/Uni/VIR2-Game-for-the-blind/Game for the blind
-logFile
Logs/AssetImportWorker0.log
-srvPort
30836
Successfully changed project path to: E:/Unity projects/Uni/VIR2-Game-for-the-blind/Game for the blind
E:/Unity projects/Uni/VIR2-Game-for-the-blind/Game for the blind
[UnityMemory] Configuration Parameters - Can be set up in boot.config
    "memorysetup-bucket-allocator-granularity=16"
    "memorysetup-bucket-allocator-bucket-count=8"
    "memorysetup-bucket-allocator-block-size=33554432"
    "memorysetup-bucket-allocator-block-count=8"
    "memorysetup-main-allocator-block-size=16777216"
    "memorysetup-thread-allocator-block-size=16777216"
    "memorysetup-gfx-main-allocator-block-size=16777216"
    "memorysetup-gfx-thread-allocator-block-size=16777216"
    "memorysetup-cache-allocator-block-size=4194304"
    "memorysetup-typetree-allocator-block-size=2097152"
    "memorysetup-profiler-bucket-allocator-granularity=16"
    "memorysetup-profiler-bucket-allocator-bucket-count=8"
    "memorysetup-profiler-bucket-allocator-block-size=33554432"
    "memorysetup-profiler-bucket-allocator-block-count=8"
    "memorysetup-profiler-allocator-block-size=16777216"
    "memorysetup-profiler-editor-allocator-block-size=1048576"
    "memorysetup-temp-allocator-size-main=16777216"
    "memorysetup-job-temp-allocator-block-size=2097152"
    "memorysetup-job-temp-allocator-block-size-background=1048576"
    "memorysetup-job-temp-allocator-reduction-small-platforms=262144"
    "memorysetup-temp-allocator-size-background-worker=32768"
    "memorysetup-temp-allocator-size-job-worker=262144"
    "memorysetup-temp-allocator-size-preload-manager=33554432"
    "memorysetup-temp-allocator-size-nav-mesh-worker=65536"
    "memorysetup-temp-allocator-size-audio-worker=65536"
    "memorysetup-temp-allocator-size-cloud-worker=32768"
    "memorysetup-temp-allocator-size-gi-baking-worker=262144"
    "memorysetup-temp-allocator-size-gfx=262144"
Refreshing native plugins compatible for Editor in 543.30 ms, found 20 plugins.
Preloading 2 native plugins for Editor in 56.51 ms.
Initialize engine version: 2022.1.23f1 (9636b062134a)
[Subsystems] Discovering subsystems at path D:/Unity/2022.1.23f1/Editor/Data/Resources/UnitySubsystems
[Subsystems] Discovering subsystems at path E:/Unity projects/Uni/VIR2-Game-for-the-blind/Game for the blind/Assets
GfxDevice: creating device client; threaded=0; jobified=0
Direct3D:
    Version:  Direct3D 11.0 [level 11.1]
    Renderer: NVIDIA GeForce GTX 1060 3GB (ID=0x1c02)
    Vendor:   NVIDIA
    VRAM:     2979 MB
    Driver:   31.0.15.2802
Initialize mono
Mono path[0] = 'D:/Unity/2022.1.23f1/Editor/Data/Managed'
Mono path[1] = 'D:/Unity/2022.1.23f1/Editor/Data/MonoBleedingEdge/lib/mono/unityjit-win32'
Mono config path = 'D:/Unity/2022.1.23f1/Editor/Data/MonoBleedingEdge/etc'
Using monoOptions --debugger-agent=transport=dt_socket,embedding=1,server=y,suspend=n,address=127.0.0.1:56428
Begin MonoManager ReloadAssembly
Registering precompiled unity dll's ...
Register platform support module: D:/Unity/2022.1.23f1/Editor/Data/PlaybackEngines/AndroidPlayer/UnityEditor.Android.Extensions.dll
Register platform support module: D:/Unity/2022.1.23f1/Editor/Data/PlaybackEngines/WindowsStandaloneSupport/UnityEditor.WindowsStandalone.Extensions.dll
Registered in 0.003498 seconds.
Native extension for WindowsStandalone target not found
Native extension for Android target not found
Refreshing native plugins compatible for Editor in 140.24 ms, found 20 plugins.
Preloading 2 native plugins for Editor in 0.17 ms.
Mono: successfully reloaded assembly
- Completed reload, in  0.901 seconds
Domain Reload Profiling:
	ReloadAssembly (901ms)
		BeginReloadAssembly (99ms)
			ExecutionOrderSort (0ms)
			DisableScriptedObjects (0ms)
			BackupInstance (0ms)
			ReleaseScriptingObjects (0ms)
			CreateAndSetChildDomain (1ms)
		EndReloadAssembly (646ms)
			LoadAssemblies (99ms)
			RebuildTransferFunctionScriptingTraits (0ms)
			SetupTypeCache (138ms)
				TypeCache.Initialize (138ms)
					TypeCache.ScanAssembly (136ms)
				ResolveRequiredComponents (0ms)
			ReleaseScriptCaches (0ms)
			RebuildScriptCaches (32ms)
			SetupLoadedEditorAssemblies (415ms)
				LogAssemblyErrors (0ms)
				InitializePlatformSupportModulesInManaged (84ms)
				SetLoadedEditorAssemblies (10ms)
				RefreshPlugins (141ms)
				BeforeProcessingInitializeOnLoad (1ms)
				ProcessInitializeOnLoadAttributes (125ms)
				ProcessInitializeOnLoadMethodAttributes (53ms)
				AfterProcessingInitializeOnLoad (0ms)
				EditorAssembliesLoaded (0ms)
			ExecutionOrderSort2 (0ms)
			AwakeInstancesAfterBackupRestoration (0ms)
Platform modules already initialized, skipping
Registering precompiled user dll's ...
Registered in 0.009261 seconds.
Begin MonoManager ReloadAssembly
Symbol file LoadedFromMemory doesn't match image E:\Unity projects\Uni\VIR2-Game-for-the-blind\Game for the blind\Library\PackageCache\com.unity.visualscripting@1.7.8\Editor\VisualScripting.Core\Dependencies\DotNetZip\Unity.VisualScripting.IonicZip.dll
Symbol file LoadedFromMemory doesn't match image E:\Unity projects\Uni\VIR2-Game-for-the-blind\Game for the blind\Library\PackageCache\com.unity.visualscripting@1.7.8\Editor\VisualScripting.Core\Dependencies\YamlDotNet\Unity.VisualScripting.YamlDotNet.dll
Native extension for WindowsStandalone target not found
Native extension for Android target not found
Refreshing native plugins compatible for Editor in 225.35 ms, found 20 plugins.
Preloading 2 native plugins for Editor in 0.11 ms.
Package Manager log level set to [2]
[Package Manager] Server::EnsureServerProcessIsRunning -- launch failed, reason: Unity was launched with the -noUpm command-line argument
[Package Manager] UpmClient::Send -- Unable to send message (not connected to UPM process).
[Package Manager] Cannot connect to Unity Package Manager local server
PXRLog [Build Check]RegisterBuildPlayerHandler,Already Do not show: True
UnityEngine.StackTraceUtility:ExtractStackTrace ()
UnityEngine.DebugLogHandler:LogFormat (UnityEngine.LogType,UnityEngine.Object,string,object[])
UnityEngine.Logger:Log (UnityEngine.LogType,object)
UnityEngine.Debug:Log (object)
Unity.XR.PXR.Editor.PXR_SDKBuildCheck:.cctor () (at E:/Unity projects/Uni/VIR2-Game-for-the-blind/PICO Things/PICO Unity Integration SDK v212/Editor/PXR_SDKBuildCheck.cs:30)
System.Runtime.CompilerServices.RuntimeHelpers:RunClassConstructor (System.RuntimeTypeHandle)
UnityEditor.EditorAssemblies:ProcessInitializeOnLoadAttributes (System.Type[])

(Filename: E:/Unity projects/Uni/VIR2-Game-for-the-blind/PICO Things/PICO Unity Integration SDK v212/Editor/PXR_SDKBuildCheck.cs Line: 30)

System.Reflection.TargetInvocationException: Exception has been thrown by the target of an invocation. ---> System.NullReferenceException: Object reference not set to an instance of an object
  at Unity.XR.Oculus.OculusLoader.AssetPathToAbsolutePath (System.String assetPath) [0x0003d] in E:\Unity projects\Uni\VIR2-Game-for-the-blind\Game for the blind\Library\PackageCache\com.unity.xr.oculus@3.2.1\Runtime\OculusLoader.cs:296 
  at Unity.XR.Oculus.OculusLoader.EditorLoadOVRPlugin () [0x0007b] in E:\Unity projects\Uni\VIR2-Game-for-the-blind\Game for the blind\Library\PackageCache\com.unity.xr.oculus@3.2.1\Runtime\OculusLoader.cs:281 
  at (wrapper managed-to-native) System.Reflection.RuntimeMethodInfo.InternalInvoke(System.Reflection.RuntimeMethodInfo,object,object[],System.Exception&)
  at System.Reflection.RuntimeMethodInfo.Invoke (System.Object obj, System.Reflection.BindingFlags invokeAttr, System.Reflection.Binder binder, System.Object[] parameters, System.Globalization.CultureInfo culture) [0x0006a] in <252f5a151e57406087568ebdeb88d5fe>:0 
   --- End of inner exception stack trace ---
  at System.Reflection.RuntimeMethodInfo.Invoke (System.Object obj, System.Reflection.BindingFlags invokeAttr, System.Reflection.Binder binder, System.Object[] parameters, System.Globalization.CultureInfo culture) [0x00083] in <252f5a151e57406087568ebdeb88d5fe>:0 
  at System.Reflection.MethodBase.Invoke (System.Object obj, System.Object[] parameters) [0x00000] in <252f5a151e57406087568ebdeb88d5fe>:0 
  at UnityEditor.EditorAssemblies.ProcessInitializeOnLoadMethodAttributes () [0x000a5] in <4ce403b7cdf744109283ae55cdc24285>:0 
UnityEngine.StackTraceUtility:ExtractStackTrace ()
UnityEngine.DebugLogHandler:LogFormat (UnityEngine.LogType,UnityEngine.Object,string,object[])
UnityEngine.Logger:Log (UnityEngine.LogType,object)
UnityEngine.Debug:LogError (object)
UnityEditor.EditorAssemblies:ProcessInitializeOnLoadMethodAttributes ()

Mono: successfully reloaded assembly
[Package Manager] Server::EnsureServerProcessIsRunning -- launch failed, reason: Unity was launched with the -noUpm command-line argument
[Package Manager] UpmClient::Send -- Unable to send message (not connected to UPM process).
[Package Manager] Cannot connect to Unity Package Manager local server
[Package Manager] Server::EnsureServerProcessIsRunning -- launch failed, reason: Unity was launched with the -noUpm command-line argument
[Package Manager] UpmClient::Send -- Unable to send message (not connected to UPM process).
[Package Manager] Cannot connect to Unity Package Manager local server
- Completed reload, in  1.976 seconds
Domain Reload Profiling:
	ReloadAssembly (1977ms)
		BeginReloadAssembly (260ms)
			ExecutionOrderSort (0ms)
			DisableScriptedObjects (7ms)
			BackupInstance (0ms)
			ReleaseScriptingObjects (0ms)
			CreateAndSetChildDomain (143ms)
		EndReloadAssembly (1558ms)
			LoadAssemblies (101ms)
			RebuildTransferFunctionScriptingTraits (0ms)
			SetupTypeCache (492ms)
				TypeCache.Initialize (483ms)
					TypeCache.ScanAssembly (479ms)
				ResolveRequiredComponents (9ms)
			ReleaseScriptCaches (1ms)
			RebuildScriptCaches (84ms)
			SetupLoadedEditorAssemblies (810ms)
				LogAssemblyErrors (0ms)
				InitializePlatformSupportModulesInManaged (14ms)
				SetLoadedEditorAssemblies (5ms)
				RefreshPlugins (226ms)
				BeforeProcessingInitializeOnLoad (122ms)
				ProcessInitializeOnLoadAttributes (384ms)
				ProcessInitializeOnLoadMethodAttributes (54ms)
				AfterProcessingInitializeOnLoad (4ms)
				EditorAssembliesLoaded (0ms)
			ExecutionOrderSort2 (0ms)
			AwakeInstancesAfterBackupRestoration (6ms)
Platform modules already initialized, skipping
========================================================================
Worker process is ready to serve import requests
Launched and connected shader compiler UnityShaderCompiler.exe after 0.07 seconds
Refreshing native plugins compatible for Editor in 1.42 ms, found 20 plugins.
Preloading 2 native plugins for Editor in 0.11 ms.
Unloading 4524 Unused Serialized files (Serialized files now loaded: 0)
Unloading 63 unused Assets / (58.5 KB). Loaded Objects now: 4960.
Memory consumption went from 0.68 GB to 0.68 GB.
Total: 6.288800 ms (FindLiveObjects: 0.347700 ms CreateObjectMapping: 0.339300 ms MarkObjects: 5.488000 ms  DeleteObjects: 0.112700 ms)

AssetImportParameters requested are different than current active one (requested -> active):
  custom:video-decoder-ogg-theora: a1e56fd34408186e4bbccfd4996cb3dc -> 
  custom:container-muxer-webm: aa71ff27fc2769a1b78a27578f13a17b -> 
  custom:container-demuxer-webm: 4f35f7cbe854078d1ac9338744f61a02 -> 
  custom:video-encoder-webm-vp8: eb34c28f22e8b96e1ab97ce403110664 -> 
  custom:audio-encoder-webm-vorbis: bf7c407c2cedff20999df2af8eb42d56 -> 
  custom:framework-win-MediaFoundation: 216162199b28c13a410421893ffa2e32 -> 
  custom:container-demuxer-ogg: 62fdf1f143b41e24485cea50d1cbac27 -> 
  custom:video-decoder-webm-vp8: 9c59270c3fd7afecdb556c50c9e8de78 -> 
  custom:audio-decoder-ogg-vorbis: bf7c407c2cedff20999df2af8eb42d56 -> 
========================================================================
Received Import Request.
  Time since last request: 572676.037931 seconds.
  path: Assets/Sounds/Gun Sounds
  artifactKey: Guid(614be6ffc6f6951419e7a90313495037) Importer(815301076,1909f56bfc062723c751e8b465ee728b)
Start importing Assets/Sounds/Gun Sounds using Guid(614be6ffc6f6951419e7a90313495037) Importer(815301076,1909f56bfc062723c751e8b465ee728b)  -> (artifact id: '73d9ffa8062acb205d831909cca6d407') in 0.006966 seconds 
========================================================================
Received Import Request.
  Time since last request: 0.716506 seconds.
  path: Assets/Sounds/Zombie Sounds
  artifactKey: Guid(694f5b12d39b671489fe8a60baa2f935) Importer(815301076,1909f56bfc062723c751e8b465ee728b)
Start importing Assets/Sounds/Zombie Sounds using Guid(694f5b12d39b671489fe8a60baa2f935) Importer(815301076,1909f56bfc062723c751e8b465ee728b)  -> (artifact id: 'c3fa38121e548bbb57b7bd545ab1bbf0') in 0.028429 seconds 
========================================================================
Received Import Request.
  Time since last request: 1930.498618 seconds.
  path: Assets/Sounds/Gun Sounds/Empty-Gun-Sound.mp3
  artifactKey: Guid(7cb50bfbc0c302a40bfd0a3de937fa3d) Importer(815301076,1909f56bfc062723c751e8b465ee728b)
Start importing Assets/Sounds/Gun Sounds/Empty-Gun-Sound.mp3 using Guid(7cb50bfbc0c302a40bfd0a3de937fa3d) Importer(815301076,1909f56bfc062723c751e8b465ee728b)  -> (artifact id: '2af4b5eade4ec19755938371340adb6f') in 0.274045 seconds 
========================================================================
Received Import Request.
  Time since last request: 17.548166 seconds.
  path: Assets/Sounds/Gun Sounds/Gunshot-Sound.mp3
  artifactKey: Guid(1a5fc5d9e5973d849bd395ce7cb162f2) Importer(815301076,1909f56bfc062723c751e8b465ee728b)
Start importing Assets/Sounds/Gun Sounds/Gunshot-Sound.mp3 using Guid(1a5fc5d9e5973d849bd395ce7cb162f2) Importer(815301076,1909f56bfc062723c751e8b465ee728b)  -> (artifact id: '10af9f48b3b7caecd99a88f2a87be295') in 0.025720 seconds 
========================================================================
Received Import Request.
  Time since last request: 223.831349 seconds.
  path: Assets/Sounds/Zombie Sounds/Zombie-Breath-www.fesliyanstudios.com.mp3
  artifactKey: Guid(8f11068431fa05c4b924054da69b4d16) Importer(815301076,1909f56bfc062723c751e8b465ee728b)
Start importing Assets/Sounds/Zombie Sounds/Zombie-Breath-www.fesliyanstudios.com.mp3 using Guid(8f11068431fa05c4b924054da69b4d16) Importer(815301076,1909f56bfc062723c751e8b465ee728b)  -> (artifact id: '1ba34af06e05f8552b5ec9588afab4c9') in 0.024450 seconds 
========================================================================
Received Import Request.
  Time since last request: 0.000037 seconds.
  path: Assets/Sounds/Zombie Sounds/Zombie-Breathing-Short-A3-www.fesliyanstudios.com.mp3
  artifactKey: Guid(290b6dde491625f4f971153cdec7160d) Importer(815301076,1909f56bfc062723c751e8b465ee728b)
Start importing Assets/Sounds/Zombie Sounds/Zombie-Breathing-Short-A3-www.fesliyanstudios.com.mp3 using Guid(290b6dde491625f4f971153cdec7160d) Importer(815301076,1909f56bfc062723c751e8b465ee728b)  -> (artifact id: '6a0a7c0d8ae3c1b1838190750414f317') in 0.020182 seconds 
========================================================================
Received Import Request.
  Time since last request: 0.000027 seconds.
  path: Assets/Sounds/Zombie Sounds/Zombie-Short-Aggressive-Attack-A3-www.fesliyanstudios.com.mp3
  artifactKey: Guid(659e9fd10f82e7a47acee2b1faf6afc4) Importer(815301076,1909f56bfc062723c751e8b465ee728b)
Start importing Assets/Sounds/Zombie Sounds/Zombie-Short-Aggressive-Attack-A3-www.fesliyanstudios.com.mp3 using Guid(659e9fd10f82e7a47acee2b1faf6afc4) Importer(815301076,1909f56bfc062723c751e8b465ee728b)  -> (artifact id: 'e7300830e24b20823c22c93e8ea24f0f') in 0.017686 seconds 
========================================================================
Received Import Request.
  Time since last request: 0.000031 seconds.
  path: Assets/Sounds/Zombie Sounds/Zombie-Breathing-Short-A1-www.fesliyanstudios.com.mp3
  artifactKey: Guid(cd71dc5435a18e04288eb2ef18c7766c) Importer(815301076,1909f56bfc062723c751e8b465ee728b)
Start importing Assets/Sounds/Zombie Sounds/Zombie-Breathing-Short-A1-www.fesliyanstudios.com.mp3 using Guid(cd71dc5435a18e04288eb2ef18c7766c) Importer(815301076,1909f56bfc062723c751e8b465ee728b)  -> (artifact id: '3596d31c243d27c63e4aa47d7e572982') in 0.272725 seconds 
========================================================================
Received Import Request.
  Time since last request: 0.000031 seconds.
  path: Assets/Sounds/Zombie Sounds/Zombie-Dying-and-Choking-A1-www.fesliyanstudios.com.mp3
  artifactKey: Guid(351df257429a4064aae6587a007fdcc6) Importer(815301076,1909f56bfc062723c751e8b465ee728b)
Start importing Assets/Sounds/Zombie Sounds/Zombie-Dying-and-Choking-A1-www.fesliyanstudios.com.mp3 using Guid(351df257429a4064aae6587a007fdcc6) Importer(815301076,1909f56bfc062723c751e8b465ee728b)  -> (artifact id: '45b24900f879f358dbfbc075f8c1bb8e') in 0.024877 seconds 
========================================================================
Received Import Request.
  Time since last request: 0.000039 seconds.
  path: Assets/Sounds/Zombie Sounds/Zombie-Short-Aggressive-Attack-B4-www.fesliyanstudios.com.mp3
  artifactKey: Guid(a84fde0264e1ec540a3ffa4c1b2f1e5c) Importer(815301076,1909f56bfc062723c751e8b465ee728b)
Start importing Assets/Sounds/Zombie Sounds/Zombie-Short-Aggressive-Attack-B4-www.fesliyanstudios.com.mp3 using Guid(a84fde0264e1ec540a3ffa4c1b2f1e5c) Importer(815301076,1909f56bfc062723c751e8b465ee728b)  -> (artifact id: '9cd10c4dad951b808ae73e5abe12af98') in 0.018665 seconds 
========================================================================
Received Import Request.
  Time since last request: 44.979639 seconds.
  path: Assets/Sounds/Gun Sounds/Reloading-Magazine-www.fesliyanstudios.com.mp3
  artifactKey: Guid(bd2b7544de5489d43aa618810b06643d) Importer(815301076,1909f56bfc062723c751e8b465ee728b)
Start importing Assets/Sounds/Gun Sounds/Reloading-Magazine-www.fesliyanstudios.com.mp3 using Guid(bd2b7544de5489d43aa618810b06643d) Importer(815301076,1909f56bfc062723c751e8b465ee728b)  -> (artifact id: 'b084d42de610de05d038dfbe90aabb21') in 0.022739 seconds 
========================================================================
Received Import Request.
  Time since last request: 1488.102272 seconds.
  path: Assets/Scripts/Enemy Scripts
  artifactKey: Guid(1f7b4f08b01df1b4f8cbd591a05bad74) Importer(815301076,1909f56bfc062723c751e8b465ee728b)
Start importing Assets/Scripts/Enemy Scripts using Guid(1f7b4f08b01df1b4f8cbd591a05bad74) Importer(815301076,1909f56bfc062723c751e8b465ee728b)  -> (artifact id: '292e8598233cbd1dc40c3d91714fc636') in 0.040385 seconds 
========================================================================
Received Import Request.
  Time since last request: 11.830769 seconds.
  path: Assets/Scripts/Gun
  artifactKey: Guid(076f84c2e49ec274ebac5820e540d6ca) Importer(815301076,1909f56bfc062723c751e8b465ee728b)
Start importing Assets/Scripts/Gun using Guid(076f84c2e49ec274ebac5820e540d6ca) Importer(815301076,1909f56bfc062723c751e8b465ee728b)  -> (artifact id: '39626daf2440cf7d687506c53d8e34ff') in 0.023968 seconds 
========================================================================
Received Prepare
Registering precompiled user dll's ...
Registered in 0.344628 seconds.
Begin MonoManager ReloadAssembly
Symbol file LoadedFromMemory doesn't match image E:\Unity projects\Uni\VIR2-Game-for-the-blind\Game for the blind\Library\PackageCache\com.unity.visualscripting@1.7.8\Editor\VisualScripting.Core\Dependencies\DotNetZip\Unity.VisualScripting.IonicZip.dll
Symbol file LoadedFromMemory doesn't match image E:\Unity projects\Uni\VIR2-Game-for-the-blind\Game for the blind\Library\PackageCache\com.unity.visualscripting@1.7.8\Editor\VisualScripting.Core\Dependencies\YamlDotNet\Unity.VisualScripting.YamlDotNet.dll
Native extension for WindowsStandalone target not found
Native extension for Android target not found
Refreshing native plugins compatible for Editor in 1.55 ms, found 20 plugins.
Preloading 2 native plugins for Editor in 0.12 ms.
[Package Manager] Server::EnsureServerProcessIsRunning -- launch failed, reason: Unity was launched with the -noUpm command-line argument
[Package Manager] UpmClient::Send -- Unable to send message (not connected to UPM process).
[Package Manager] Cannot connect to Unity Package Manager local server
PXRLog [Build Check]RegisterBuildPlayerHandler,Already Do not show: True
UnityEngine.StackTraceUtility:ExtractStackTrace ()
UnityEngine.DebugLogHandler:LogFormat (UnityEngine.LogType,UnityEngine.Object,string,object[])
UnityEngine.Logger:Log (UnityEngine.LogType,object)
UnityEngine.Debug:Log (object)
Unity.XR.PXR.Editor.PXR_SDKBuildCheck:.cctor () (at E:/Unity projects/Uni/VIR2-Game-for-the-blind/PICO Things/PICO Unity Integration SDK v212/Editor/PXR_SDKBuildCheck.cs:30)
System.Runtime.CompilerServices.RuntimeHelpers:RunClassConstructor (System.RuntimeTypeHandle)
UnityEditor.EditorAssemblies:ProcessInitializeOnLoadAttributes (System.Type[])

(Filename: E:/Unity projects/Uni/VIR2-Game-for-the-blind/PICO Things/PICO Unity Integration SDK v212/Editor/PXR_SDKBuildCheck.cs Line: 30)

System.Reflection.TargetInvocationException: Exception has been thrown by the target of an invocation. ---> System.NullReferenceException: Object reference not set to an instance of an object
  at Unity.XR.Oculus.OculusLoader.AssetPathToAbsolutePath (System.String assetPath) [0x0003d] in E:\Unity projects\Uni\VIR2-Game-for-the-blind\Game for the blind\Library\PackageCache\com.unity.xr.oculus@3.2.1\Runtime\OculusLoader.cs:296 
  at Unity.XR.Oculus.OculusLoader.EditorLoadOVRPlugin () [0x0007b] in E:\Unity projects\Uni\VIR2-Game-for-the-blind\Game for the blind\Library\PackageCache\com.unity.xr.oculus@3.2.1\Runtime\OculusLoader.cs:281 
  at (wrapper managed-to-native) System.Reflection.RuntimeMethodInfo.InternalInvoke(System.Reflection.RuntimeMethodInfo,object,object[],System.Exception&)
  at System.Reflection.RuntimeMethodInfo.Invoke (System.Object obj, System.Reflection.BindingFlags invokeAttr, System.Reflection.Binder binder, System.Object[] parameters, System.Globalization.CultureInfo culture) [0x0006a] in <252f5a151e57406087568ebdeb88d5fe>:0 
   --- End of inner exception stack trace ---
  at System.Reflection.RuntimeMethodInfo.Invoke (System.Object obj, System.Reflection.BindingFlags invokeAttr, System.Reflection.Binder binder, System.Object[] parameters, System.Globalization.CultureInfo culture) [0x00083] in <252f5a151e57406087568ebdeb88d5fe>:0 
  at System.Reflection.MethodBase.Invoke (System.Object obj, System.Object[] parameters) [0x00000] in <252f5a151e57406087568ebdeb88d5fe>:0 
  at UnityEditor.EditorAssemblies.ProcessInitializeOnLoadMethodAttributes () [0x000a5] in <4ce403b7cdf744109283ae55cdc24285>:0 
UnityEngine.StackTraceUtility:ExtractStackTrace ()
UnityEngine.DebugLogHandler:LogFormat (UnityEngine.LogType,UnityEngine.Object,string,object[])
UnityEngine.Logger:Log (UnityEngine.LogType,object)
UnityEngine.Debug:LogError (object)
UnityEditor.EditorAssemblies:ProcessInitializeOnLoadMethodAttributes ()

Mono: successfully reloaded assembly
[Package Manager] Server::EnsureServerProcessIsRunning -- launch failed, reason: Unity was launched with the -noUpm command-line argument
[Package Manager] UpmClient::Send -- Unable to send message (not connected to UPM process).
[Package Manager] Cannot connect to Unity Package Manager local server
- Completed reload, in  1.742 seconds
Domain Reload Profiling:
	ReloadAssembly (1743ms)
		BeginReloadAssembly (323ms)
			ExecutionOrderSort (0ms)
			DisableScriptedObjects (14ms)
			BackupInstance (0ms)
			ReleaseScriptingObjects (0ms)
			CreateAndSetChildDomain (142ms)
		EndReloadAssembly (1282ms)
			LoadAssemblies (146ms)
			RebuildTransferFunctionScriptingTraits (0ms)
			SetupTypeCache (452ms)
				TypeCache.Initialize (445ms)
					TypeCache.ScanAssembly (433ms)
				ResolveRequiredComponents (7ms)
			ReleaseScriptCaches (2ms)
			RebuildScriptCaches (72ms)
			SetupLoadedEditorAssemblies (559ms)
				LogAssemblyErrors (0ms)
				InitializePlatformSupportModulesInManaged (34ms)
				SetLoadedEditorAssemblies (8ms)
				RefreshPlugins (2ms)
				BeforeProcessingInitializeOnLoad (91ms)
				ProcessInitializeOnLoadAttributes (374ms)
				ProcessInitializeOnLoadMethodAttributes (46ms)
				AfterProcessingInitializeOnLoad (3ms)
				EditorAssembliesLoaded (0ms)
			ExecutionOrderSort2 (0ms)
			AwakeInstancesAfterBackupRestoration (9ms)
Platform modules already initialized, skipping
Refreshing native plugins compatible for Editor in 47.25 ms, found 20 plugins.
Preloading 2 native plugins for Editor in 0.13 ms.
Unloading 4481 Unused Serialized files (Serialized files now loaded: 0)
Unloading 52 unused Assets / (27.5 KB). Loaded Objects now: 4974.
Memory consumption went from 0.67 GB to 0.67 GB.
Total: 31.039500 ms (FindLiveObjects: 0.896800 ms CreateObjectMapping: 5.876400 ms MarkObjects: 24.143600 ms  DeleteObjects: 0.115300 ms)

AssetImportParameters requested are different than current active one (requested -> active):
  custom:video-decoder-ogg-theora: a1e56fd34408186e4bbccfd4996cb3dc -> 
  custom:container-muxer-webm: aa71ff27fc2769a1b78a27578f13a17b -> 
  custom:container-demuxer-webm: 4f35f7cbe854078d1ac9338744f61a02 -> 
  custom:video-encoder-webm-vp8: eb34c28f22e8b96e1ab97ce403110664 -> 
  custom:audio-encoder-webm-vorbis: bf7c407c2cedff20999df2af8eb42d56 -> 
  custom:framework-win-MediaFoundation: 216162199b28c13a410421893ffa2e32 -> 
  custom:container-demuxer-ogg: 62fdf1f143b41e24485cea50d1cbac27 -> 
  custom:video-decoder-webm-vp8: 9c59270c3fd7afecdb556c50c9e8de78 -> 
  custom:audio-decoder-ogg-vorbis: bf7c407c2cedff20999df2af8eb42d56 -> 
========================================================================
Received Import Request.
  Time since last request: 12.518493 seconds.
  path: Assets/Scripts/Gun Scripts
  artifactKey: Guid(076f84c2e49ec274ebac5820e540d6ca) Importer(815301076,1909f56bfc062723c751e8b465ee728b)
Start importing Assets/Scripts/Gun Scripts using Guid(076f84c2e49ec274ebac5820e540d6ca) Importer(815301076,1909f56bfc062723c751e8b465ee728b)  -> (artifact id: '6a9567831b16be49450a7202756834f7') in 0.030671 seconds 
========================================================================
Received Import Request.
  Time since last request: 13.707776 seconds.
  path: Assets/Scripts/Gun Scripts/NewBehaviourScript.cs
  artifactKey: Guid(9c9d4a10860d86949930187e81be18e5) Importer(815301076,1909f56bfc062723c751e8b465ee728b)
Start importing Assets/Scripts/Gun Scripts/NewBehaviourScript.cs using Guid(9c9d4a10860d86949930187e81be18e5) Importer(815301076,1909f56bfc062723c751e8b465ee728b)  -> (artifact id: '8ee67030ecb5893a78278e8084b56042') in 0.463914 seconds 
========================================================================
Received Prepare
Registering precompiled user dll's ...
Registered in 0.013008 seconds.
Begin MonoManager ReloadAssembly
Symbol file LoadedFromMemory doesn't match image E:\Unity projects\Uni\VIR2-Game-for-the-blind\Game for the blind\Library\PackageCache\com.unity.visualscripting@1.7.8\Editor\VisualScripting.Core\Dependencies\DotNetZip\Unity.VisualScripting.IonicZip.dll
Symbol file LoadedFromMemory doesn't match image E:\Unity projects\Uni\VIR2-Game-for-the-blind\Game for the blind\Library\PackageCache\com.unity.visualscripting@1.7.8\Editor\VisualScripting.Core\Dependencies\YamlDotNet\Unity.VisualScripting.YamlDotNet.dll
Native extension for WindowsStandalone target not found
Native extension for Android target not found
Refreshing native plugins compatible for Editor in 1.57 ms, found 20 plugins.
Preloading 2 native plugins for Editor in 0.12 ms.
[Package Manager] Server::EnsureServerProcessIsRunning -- launch failed, reason: Unity was launched with the -noUpm command-line argument
[Package Manager] UpmClient::Send -- Unable to send message (not connected to UPM process).
[Package Manager] Cannot connect to Unity Package Manager local server
PXRLog [Build Check]RegisterBuildPlayerHandler,Already Do not show: True
UnityEngine.StackTraceUtility:ExtractStackTrace ()
UnityEngine.DebugLogHandler:LogFormat (UnityEngine.LogType,UnityEngine.Object,string,object[])
UnityEngine.Logger:Log (UnityEngine.LogType,object)
UnityEngine.Debug:Log (object)
Unity.XR.PXR.Editor.PXR_SDKBuildCheck:.cctor () (at E:/Unity projects/Uni/VIR2-Game-for-the-blind/PICO Things/PICO Unity Integration SDK v212/Editor/PXR_SDKBuildCheck.cs:30)
System.Runtime.CompilerServices.RuntimeHelpers:RunClassConstructor (System.RuntimeTypeHandle)
UnityEditor.EditorAssemblies:ProcessInitializeOnLoadAttributes (System.Type[])

(Filename: E:/Unity projects/Uni/VIR2-Game-for-the-blind/PICO Things/PICO Unity Integration SDK v212/Editor/PXR_SDKBuildCheck.cs Line: 30)

System.Reflection.TargetInvocationException: Exception has been thrown by the target of an invocation. ---> System.NullReferenceException: Object reference not set to an instance of an object
  at Unity.XR.Oculus.OculusLoader.AssetPathToAbsolutePath (System.String assetPath) [0x0003d] in E:\Unity projects\Uni\VIR2-Game-for-the-blind\Game for the blind\Library\PackageCache\com.unity.xr.oculus@3.2.1\Runtime\OculusLoader.cs:296 
  at Unity.XR.Oculus.OculusLoader.EditorLoadOVRPlugin () [0x0007b] in E:\Unity projects\Uni\VIR2-Game-for-the-blind\Game for the blind\Library\PackageCache\com.unity.xr.oculus@3.2.1\Runtime\OculusLoader.cs:281 
  at (wrapper managed-to-native) System.Reflection.RuntimeMethodInfo.InternalInvoke(System.Reflection.RuntimeMethodInfo,object,object[],System.Exception&)
  at System.Reflection.RuntimeMethodInfo.Invoke (System.Object obj, System.Reflection.BindingFlags invokeAttr, System.Reflection.Binder binder, System.Object[] parameters, System.Globalization.CultureInfo culture) [0x0006a] in <252f5a151e57406087568ebdeb88d5fe>:0 
   --- End of inner exception stack trace ---
  at System.Reflection.RuntimeMethodInfo.Invoke (System.Object obj, System.Reflection.BindingFlags invokeAttr, System.Reflection.Binder binder, System.Object[] parameters, System.Globalization.CultureInfo culture) [0x00083] in <252f5a151e57406087568ebdeb88d5fe>:0 
  at System.Reflection.MethodBase.Invoke (System.Object obj, System.Object[] parameters) [0x00000] in <252f5a151e57406087568ebdeb88d5fe>:0 
  at UnityEditor.EditorAssemblies.ProcessInitializeOnLoadMethodAttributes () [0x000a5] in <4ce403b7cdf744109283ae55cdc24285>:0 
UnityEngine.StackTraceUtility:ExtractStackTrace ()
UnityEngine.DebugLogHandler:LogFormat (UnityEngine.LogType,UnityEngine.Object,string,object[])
UnityEngine.Logger:Log (UnityEngine.LogType,object)
UnityEngine.Debug:LogError (object)
UnityEditor.EditorAssemblies:ProcessInitializeOnLoadMethodAttributes ()

Mono: successfully reloaded assembly
[Package Manager] Server::EnsureServerProcessIsRunning -- launch failed, reason: Unity was launched with the -noUpm command-line argument
[Package Manager] UpmClient::Send -- Unable to send message (not connected to UPM process).
[Package Manager] Cannot connect to Unity Package Manager local server
- Completed reload, in  1.514 seconds
Domain Reload Profiling:
	ReloadAssembly (1515ms)
		BeginReloadAssembly (216ms)
			ExecutionOrderSort (0ms)
			DisableScriptedObjects (30ms)
			BackupInstance (0ms)
			ReleaseScriptingObjects (0ms)
			CreateAndSetChildDomain (54ms)
		EndReloadAssembly (1179ms)
			LoadAssemblies (129ms)
			RebuildTransferFunctionScriptingTraits (0ms)
			SetupTypeCache (413ms)
				TypeCache.Initialize (406ms)
					TypeCache.ScanAssembly (397ms)
				ResolveRequiredComponents (7ms)
			ReleaseScriptCaches (2ms)
			RebuildScriptCaches (60ms)
			SetupLoadedEditorAssemblies (522ms)
				LogAssemblyErrors (0ms)
				InitializePlatformSupportModulesInManaged (26ms)
				SetLoadedEditorAssemblies (7ms)
				RefreshPlugins (2ms)
				BeforeProcessingInitializeOnLoad (86ms)
				ProcessInitializeOnLoadAttributes (354ms)
				ProcessInitializeOnLoadMethodAttributes (43ms)
				AfterProcessingInitializeOnLoad (4ms)
				EditorAssembliesLoaded (0ms)
			ExecutionOrderSort2 (0ms)
			AwakeInstancesAfterBackupRestoration (8ms)
Platform modules already initialized, skipping
Refreshing native plugins compatible for Editor in 6.60 ms, found 20 plugins.
Preloading 2 native plugins for Editor in 0.12 ms.
Unloading 4482 Unused Serialized files (Serialized files now loaded: 0)
Unloading 52 unused Assets / (25.4 KB). Loaded Objects now: 4979.
Memory consumption went from 0.67 GB to 0.67 GB.
Total: 3.981300 ms (FindLiveObjects: 0.403100 ms CreateObjectMapping: 0.277400 ms MarkObjects: 3.259100 ms  DeleteObjects: 0.040600 ms)

AssetImportParameters requested are different than current active one (requested -> active):
  custom:video-decoder-ogg-theora: a1e56fd34408186e4bbccfd4996cb3dc -> 
  custom:container-muxer-webm: aa71ff27fc2769a1b78a27578f13a17b -> 
  custom:container-demuxer-webm: 4f35f7cbe854078d1ac9338744f61a02 -> 
  custom:video-encoder-webm-vp8: eb34c28f22e8b96e1ab97ce403110664 -> 
  custom:audio-encoder-webm-vorbis: bf7c407c2cedff20999df2af8eb42d56 -> 
  custom:framework-win-MediaFoundation: 216162199b28c13a410421893ffa2e32 -> 
  custom:container-demuxer-ogg: 62fdf1f143b41e24485cea50d1cbac27 -> 
  custom:video-decoder-webm-vp8: 9c59270c3fd7afecdb556c50c9e8de78 -> 
  custom:audio-decoder-ogg-vorbis: bf7c407c2cedff20999df2af8eb42d56 -> 
========================================================================
Received Import Request.
  Time since last request: 38.300118 seconds.
  path: Assets/Scripts/Gun Scripts/XRSocketIteractorTag.cs
  artifactKey: Guid(9c9d4a10860d86949930187e81be18e5) Importer(815301076,1909f56bfc062723c751e8b465ee728b)
Start importing Assets/Scripts/Gun Scripts/XRSocketIteractorTag.cs using Guid(9c9d4a10860d86949930187e81be18e5) Importer(815301076,1909f56bfc062723c751e8b465ee728b)  -> (artifact id: '0d62017731658f7c1ecd85001bc54f0d') in 0.098258 seconds 
========================================================================
Received Prepare
Registering precompiled user dll's ...
Registered in 0.036022 seconds.
Begin MonoManager ReloadAssembly
Symbol file LoadedFromMemory doesn't match image E:\Unity projects\Uni\VIR2-Game-for-the-blind\Game for the blind\Library\PackageCache\com.unity.visualscripting@1.7.8\Editor\VisualScripting.Core\Dependencies\DotNetZip\Unity.VisualScripting.IonicZip.dll
Symbol file LoadedFromMemory doesn't match image E:\Unity projects\Uni\VIR2-Game-for-the-blind\Game for the blind\Library\PackageCache\com.unity.visualscripting@1.7.8\Editor\VisualScripting.Core\Dependencies\YamlDotNet\Unity.VisualScripting.YamlDotNet.dll
Native extension for WindowsStandalone target not found
Native extension for Android target not found
Refreshing native plugins compatible for Editor in 1.48 ms, found 20 plugins.
Preloading 2 native plugins for Editor in 0.14 ms.
[Package Manager] Server::EnsureServerProcessIsRunning -- launch failed, reason: Unity was launched with the -noUpm command-line argument
[Package Manager] UpmClient::Send -- Unable to send message (not connected to UPM process).
[Package Manager] Cannot connect to Unity Package Manager local server
PXRLog [Build Check]RegisterBuildPlayerHandler,Already Do not show: True
UnityEngine.StackTraceUtility:ExtractStackTrace ()
UnityEngine.DebugLogHandler:LogFormat (UnityEngine.LogType,UnityEngine.Object,string,object[])
UnityEngine.Logger:Log (UnityEngine.LogType,object)
UnityEngine.Debug:Log (object)
Unity.XR.PXR.Editor.PXR_SDKBuildCheck:.cctor () (at E:/Unity projects/Uni/VIR2-Game-for-the-blind/PICO Things/PICO Unity Integration SDK v212/Editor/PXR_SDKBuildCheck.cs:30)
System.Runtime.CompilerServices.RuntimeHelpers:RunClassConstructor (System.RuntimeTypeHandle)
UnityEditor.EditorAssemblies:ProcessInitializeOnLoadAttributes (System.Type[])

(Filename: E:/Unity projects/Uni/VIR2-Game-for-the-blind/PICO Things/PICO Unity Integration SDK v212/Editor/PXR_SDKBuildCheck.cs Line: 30)

System.Reflection.TargetInvocationException: Exception has been thrown by the target of an invocation. ---> System.NullReferenceException: Object reference not set to an instance of an object
  at Unity.XR.Oculus.OculusLoader.AssetPathToAbsolutePath (System.String assetPath) [0x0003d] in E:\Unity projects\Uni\VIR2-Game-for-the-blind\Game for the blind\Library\PackageCache\com.unity.xr.oculus@3.2.1\Runtime\OculusLoader.cs:296 
  at Unity.XR.Oculus.OculusLoader.EditorLoadOVRPlugin () [0x0007b] in E:\Unity projects\Uni\VIR2-Game-for-the-blind\Game for the blind\Library\PackageCache\com.unity.xr.oculus@3.2.1\Runtime\OculusLoader.cs:281 
  at (wrapper managed-to-native) System.Reflection.RuntimeMethodInfo.InternalInvoke(System.Reflection.RuntimeMethodInfo,object,object[],System.Exception&)
  at System.Reflection.RuntimeMethodInfo.Invoke (System.Object obj, System.Reflection.BindingFlags invokeAttr, System.Reflection.Binder binder, System.Object[] parameters, System.Globalization.CultureInfo culture) [0x0006a] in <252f5a151e57406087568ebdeb88d5fe>:0 
   --- End of inner exception stack trace ---
  at System.Reflection.RuntimeMethodInfo.Invoke (System.Object obj, System.Reflection.BindingFlags invokeAttr, System.Reflection.Binder binder, System.Object[] parameters, System.Globalization.CultureInfo culture) [0x00083] in <252f5a151e57406087568ebdeb88d5fe>:0 
  at System.Reflection.MethodBase.Invoke (System.Object obj, System.Object[] parameters) [0x00000] in <252f5a151e57406087568ebdeb88d5fe>:0 
  at UnityEditor.EditorAssemblies.ProcessInitializeOnLoadMethodAttributes () [0x000a5] in <4ce403b7cdf744109283ae55cdc24285>:0 
UnityEngine.StackTraceUtility:ExtractStackTrace ()
UnityEngine.DebugLogHandler:LogFormat (UnityEngine.LogType,UnityEngine.Object,string,object[])
UnityEngine.Logger:Log (UnityEngine.LogType,object)
UnityEngine.Debug:LogError (object)
UnityEditor.EditorAssemblies:ProcessInitializeOnLoadMethodAttributes ()

Mono: successfully reloaded assembly
[Package Manager] Server::EnsureServerProcessIsRunning -- launch failed, reason: Unity was launched with the -noUpm command-line argument
[Package Manager] UpmClient::Send -- Unable to send message (not connected to UPM process).
[Package Manager] Cannot connect to Unity Package Manager local server
- Completed reload, in  6.065 seconds
Domain Reload Profiling:
	ReloadAssembly (6072ms)
		BeginReloadAssembly (1199ms)
			ExecutionOrderSort (0ms)
			DisableScriptedObjects (12ms)
			BackupInstance (0ms)
			ReleaseScriptingObjects (0ms)
			CreateAndSetChildDomain (229ms)
		EndReloadAssembly (3826ms)
			LoadAssemblies (2146ms)
			RebuildTransferFunctionScriptingTraits (0ms)
			SetupTypeCache (1550ms)
				TypeCache.Initialize (1542ms)
					TypeCache.ScanAssembly (1531ms)
				ResolveRequiredComponents (8ms)
			ReleaseScriptCaches (2ms)
			RebuildScriptCaches (74ms)
			SetupLoadedEditorAssemblies (711ms)
				LogAssemblyErrors (0ms)
				InitializePlatformSupportModulesInManaged (48ms)
				SetLoadedEditorAssemblies (9ms)
				RefreshPlugins (2ms)
				BeforeProcessingInitializeOnLoad (142ms)
				ProcessInitializeOnLoadAttributes (463ms)
				ProcessInitializeOnLoadMethodAttributes (45ms)
				AfterProcessingInitializeOnLoad (3ms)
				EditorAssembliesLoaded (0ms)
			ExecutionOrderSort2 (0ms)
			AwakeInstancesAfterBackupRestoration (7ms)
Platform modules already initialized, skipping
Refreshing native plugins compatible for Editor in 7.57 ms, found 20 plugins.
Preloading 2 native plugins for Editor in 0.12 ms.
Unloading 4482 Unused Serialized files (Serialized files now loaded: 0)
Unloading 52 unused Assets / (27.5 KB). Loaded Objects now: 4983.
Memory consumption went from 0.67 GB to 0.67 GB.
Total: 5.489300 ms (FindLiveObjects: 0.670600 ms CreateObjectMapping: 1.039600 ms MarkObjects: 3.720900 ms  DeleteObjects: 0.056800 ms)

AssetImportParameters requested are different than current active one (requested -> active):
  custom:video-decoder-ogg-theora: a1e56fd34408186e4bbccfd4996cb3dc -> 
  custom:container-muxer-webm: aa71ff27fc2769a1b78a27578f13a17b -> 
  custom:container-demuxer-webm: 4f35f7cbe854078d1ac9338744f61a02 -> 
  custom:video-encoder-webm-vp8: eb34c28f22e8b96e1ab97ce403110664 -> 
  custom:audio-encoder-webm-vorbis: bf7c407c2cedff20999df2af8eb42d56 -> 
  custom:framework-win-MediaFoundation: 216162199b28c13a410421893ffa2e32 -> 
  custom:container-demuxer-ogg: 62fdf1f143b41e24485cea50d1cbac27 -> 
  custom:video-decoder-webm-vp8: 9c59270c3fd7afecdb556c50c9e8de78 -> 
  custom:audio-decoder-ogg-vorbis: bf7c407c2cedff20999df2af8eb42d56 -> 
========================================================================
Received Import Request.
  Time since last request: 72.828688 seconds.
  path: Assets/Scripts/Gun Scripts/XRSocketIteractorTag.cs
  artifactKey: Guid(9c9d4a10860d86949930187e81be18e5) Importer(815301076,1909f56bfc062723c751e8b465ee728b)
Start importing Assets/Scripts/Gun Scripts/XRSocketIteractorTag.cs using Guid(9c9d4a10860d86949930187e81be18e5) Importer(815301076,1909f56bfc062723c751e8b465ee728b)  -> (artifact id: '8361dd7392435c39d05b108b131145ed') in 0.307293 seconds 
========================================================================
Received Import Request.
  Time since last request: 10.655729 seconds.
  path: Assets/Scripts/Gun Scripts/XRSocketInteractorTag.cs
  artifactKey: Guid(9c9d4a10860d86949930187e81be18e5) Importer(815301076,1909f56bfc062723c751e8b465ee728b)
Start importing Assets/Scripts/Gun Scripts/XRSocketInteractorTag.cs using Guid(9c9d4a10860d86949930187e81be18e5) Importer(815301076,1909f56bfc062723c751e8b465ee728b)  -> (artifact id: '0f0c7d47b26b861226fa0f9bfbf90247') in 0.029944 seconds 
========================================================================
Received Import Request.
  Time since last request: 97.197284 seconds.
  path: Assets/Scripts/Gun Scripts/XRSocketInteractorTag.cs
  artifactKey: Guid(9c9d4a10860d86949930187e81be18e5) Importer(815301076,1909f56bfc062723c751e8b465ee728b)
Start importing Assets/Scripts/Gun Scripts/XRSocketInteractorTag.cs using Guid(9c9d4a10860d86949930187e81be18e5) Importer(815301076,1909f56bfc062723c751e8b465ee728b)  -> (artifact id: '27e9f16dcbbe5265aa758e2e1f86cfe0') in 0.010590 seconds 
========================================================================
Received Prepare
Registering precompiled user dll's ...
Registered in 0.020088 seconds.
Begin MonoManager ReloadAssembly
Symbol file LoadedFromMemory doesn't match image E:\Unity projects\Uni\VIR2-Game-for-the-blind\Game for the blind\Library\PackageCache\com.unity.visualscripting@1.7.8\Editor\VisualScripting.Core\Dependencies\DotNetZip\Unity.VisualScripting.IonicZip.dll
Symbol file LoadedFromMemory doesn't match image E:\Unity projects\Uni\VIR2-Game-for-the-blind\Game for the blind\Library\PackageCache\com.unity.visualscripting@1.7.8\Editor\VisualScripting.Core\Dependencies\YamlDotNet\Unity.VisualScripting.YamlDotNet.dll
Native extension for WindowsStandalone target not found
Native extension for Android target not found
Refreshing native plugins compatible for Editor in 1.98 ms, found 20 plugins.
Preloading 2 native plugins for Editor in 0.11 ms.
[Package Manager] Server::EnsureServerProcessIsRunning -- launch failed, reason: Unity was launched with the -noUpm command-line argument
[Package Manager] UpmClient::Send -- Unable to send message (not connected to UPM process).
[Package Manager] Cannot connect to Unity Package Manager local server
PXRLog [Build Check]RegisterBuildPlayerHandler,Already Do not show: True
UnityEngine.StackTraceUtility:ExtractStackTrace ()
UnityEngine.DebugLogHandler:LogFormat (UnityEngine.LogType,UnityEngine.Object,string,object[])
UnityEngine.Logger:Log (UnityEngine.LogType,object)
UnityEngine.Debug:Log (object)
Unity.XR.PXR.Editor.PXR_SDKBuildCheck:.cctor () (at E:/Unity projects/Uni/VIR2-Game-for-the-blind/PICO Things/PICO Unity Integration SDK v212/Editor/PXR_SDKBuildCheck.cs:30)
System.Runtime.CompilerServices.RuntimeHelpers:RunClassConstructor (System.RuntimeTypeHandle)
UnityEditor.EditorAssemblies:ProcessInitializeOnLoadAttributes (System.Type[])

(Filename: E:/Unity projects/Uni/VIR2-Game-for-the-blind/PICO Things/PICO Unity Integration SDK v212/Editor/PXR_SDKBuildCheck.cs Line: 30)

System.Reflection.TargetInvocationException: Exception has been thrown by the target of an invocation. ---> System.NullReferenceException: Object reference not set to an instance of an object
  at Unity.XR.Oculus.OculusLoader.AssetPathToAbsolutePath (System.String assetPath) [0x0003d] in E:\Unity projects\Uni\VIR2-Game-for-the-blind\Game for the blind\Library\PackageCache\com.unity.xr.oculus@3.2.1\Runtime\OculusLoader.cs:296 
  at Unity.XR.Oculus.OculusLoader.EditorLoadOVRPlugin () [0x0007b] in E:\Unity projects\Uni\VIR2-Game-for-the-blind\Game for the blind\Library\PackageCache\com.unity.xr.oculus@3.2.1\Runtime\OculusLoader.cs:281 
  at (wrapper managed-to-native) System.Reflection.RuntimeMethodInfo.InternalInvoke(System.Reflection.RuntimeMethodInfo,object,object[],System.Exception&)
  at System.Reflection.RuntimeMethodInfo.Invoke (System.Object obj, System.Reflection.BindingFlags invokeAttr, System.Reflection.Binder binder, System.Object[] parameters, System.Globalization.CultureInfo culture) [0x0006a] in <252f5a151e57406087568ebdeb88d5fe>:0 
   --- End of inner exception stack trace ---
  at System.Reflection.RuntimeMethodInfo.Invoke (System.Object obj, System.Reflection.BindingFlags invokeAttr, System.Reflection.Binder binder, System.Object[] parameters, System.Globalization.CultureInfo culture) [0x00083] in <252f5a151e57406087568ebdeb88d5fe>:0 
  at System.Reflection.MethodBase.Invoke (System.Object obj, System.Object[] parameters) [0x00000] in <252f5a151e57406087568ebdeb88d5fe>:0 
  at UnityEditor.EditorAssemblies.ProcessInitializeOnLoadMethodAttributes () [0x000a5] in <4ce403b7cdf744109283ae55cdc24285>:0 
UnityEngine.StackTraceUtility:ExtractStackTrace ()
UnityEngine.DebugLogHandler:LogFormat (UnityEngine.LogType,UnityEngine.Object,string,object[])
UnityEngine.Logger:Log (UnityEngine.LogType,object)
UnityEngine.Debug:LogError (object)
UnityEditor.EditorAssemblies:ProcessInitializeOnLoadMethodAttributes ()

Mono: successfully reloaded assembly
[Package Manager] Server::EnsureServerProcessIsRunning -- launch failed, reason: Unity was launched with the -noUpm command-line argument
[Package Manager] UpmClient::Send -- Unable to send message (not connected to UPM process).
[Package Manager] Cannot connect to Unity Package Manager local server
- Completed reload, in  3.411 seconds
Domain Reload Profiling:
	ReloadAssembly (3412ms)
		BeginReloadAssembly (347ms)
			ExecutionOrderSort (0ms)
			DisableScriptedObjects (5ms)
			BackupInstance (0ms)
			ReleaseScriptingObjects (0ms)
			CreateAndSetChildDomain (98ms)
		EndReloadAssembly (2499ms)
			LoadAssemblies (255ms)
			RebuildTransferFunctionScriptingTraits (0ms)
			SetupTypeCache (841ms)
				TypeCache.Initialize (833ms)
					TypeCache.ScanAssembly (818ms)
				ResolveRequiredComponents (7ms)
			ReleaseScriptCaches (2ms)
			RebuildScriptCaches (138ms)
			SetupLoadedEditorAssemblies (1122ms)
				LogAssemblyErrors (0ms)
				InitializePlatformSupportModulesInManaged (50ms)
				SetLoadedEditorAssemblies (15ms)
				RefreshPlugins (2ms)
				BeforeProcessingInitializeOnLoad (149ms)
				ProcessInitializeOnLoadAttributes (819ms)
				ProcessInitializeOnLoadMethodAttributes (83ms)
				AfterProcessingInitializeOnLoad (3ms)
				EditorAssembliesLoaded (0ms)
			ExecutionOrderSort2 (0ms)
			AwakeInstancesAfterBackupRestoration (14ms)
Platform modules already initialized, skipping
Refreshing native plugins compatible for Editor in 32.79 ms, found 20 plugins.
Preloading 2 native plugins for Editor in 0.10 ms.
Unloading 4482 Unused Serialized files (Serialized files now loaded: 0)
Unloading 52 unused Assets / (25.4 KB). Loaded Objects now: 4987.
Memory consumption went from 0.67 GB to 0.67 GB.
Total: 3.919600 ms (FindLiveObjects: 0.534100 ms CreateObjectMapping: 0.339800 ms MarkObjects: 3.005900 ms  DeleteObjects: 0.038800 ms)

AssetImportParameters requested are different than current active one (requested -> active):
  custom:video-decoder-ogg-theora: a1e56fd34408186e4bbccfd4996cb3dc -> 
  custom:container-muxer-webm: aa71ff27fc2769a1b78a27578f13a17b -> 
  custom:container-demuxer-webm: 4f35f7cbe854078d1ac9338744f61a02 -> 
  custom:video-encoder-webm-vp8: eb34c28f22e8b96e1ab97ce403110664 -> 
  custom:audio-encoder-webm-vorbis: bf7c407c2cedff20999df2af8eb42d56 -> 
  custom:framework-win-MediaFoundation: 216162199b28c13a410421893ffa2e32 -> 
  custom:container-demuxer-ogg: 62fdf1f143b41e24485cea50d1cbac27 -> 
  custom:video-decoder-webm-vp8: 9c59270c3fd7afecdb556c50c9e8de78 -> 
  custom:audio-decoder-ogg-vorbis: bf7c407c2cedff20999df2af8eb42d56 -> 
========================================================================
Received Import Request.
  Time since last request: 184.396710 seconds.
  path: Assets/Sounds/Gun Sounds/No Ammo.ogg
  artifactKey: Guid(2fe153ef8748fed41a8ce33ac4c58a23) Importer(815301076,1909f56bfc062723c751e8b465ee728b)
Start importing Assets/Sounds/Gun Sounds/No Ammo.ogg using Guid(2fe153ef8748fed41a8ce33ac4c58a23) Importer(815301076,1909f56bfc062723c751e8b465ee728b)  -> (artifact id: 'd152c58fd65ba0d434f6840bc3702cea') in 0.272787 seconds 
========================================================================
Received Import Request.
  Time since last request: 0.000164 seconds.
  path: Assets/Sounds/Gun Sounds/Shoot.ogg
  artifactKey: Guid(d5369c0701e26e04ca8ecc73a698084e) Importer(815301076,1909f56bfc062723c751e8b465ee728b)
Start importing Assets/Sounds/Gun Sounds/Shoot.ogg using Guid(d5369c0701e26e04ca8ecc73a698084e) Importer(815301076,1909f56bfc062723c751e8b465ee728b)  -> (artifact id: '06e01c6a174aed5e89f4b21ce7f9f64f') in 0.071620 seconds 
========================================================================
Received Import Request.
  Time since last request: 0.000032 seconds.
  path: Assets/Sounds/Gun Sounds/Reload.ogg
  artifactKey: Guid(298644138d84c6148b5f1bb52afb148d) Importer(815301076,1909f56bfc062723c751e8b465ee728b)
Start importing Assets/Sounds/Gun Sounds/Reload.ogg using Guid(298644138d84c6148b5f1bb52afb148d) Importer(815301076,1909f56bfc062723c751e8b465ee728b)  -> (artifact id: '965bbfe66c5535cd459f3e721aadee68') in 0.019999 seconds 
========================================================================
Received Import Request.
  Time since last request: 178.751345 seconds.
  path: Assets/Material/Grey.mat
  artifactKey: Guid(9ae0e3bffcfff284d977309413e184d4) Importer(815301076,1909f56bfc062723c751e8b465ee728b)
Start importing Assets/Material/Grey.mat using Guid(9ae0e3bffcfff284d977309413e184d4) Importer(815301076,1909f56bfc062723c751e8b465ee728b)  -> (artifact id: 'b92852f9ff3d343754ac2c3b0f915335') in 0.669978 seconds 
========================================================================
Received Import Request.
  Time since last request: 216.462627 seconds.
  path: Assets/Resources
  artifactKey: Guid(456f26ed74377304294964bd9b6232f3) Importer(815301076,1909f56bfc062723c751e8b465ee728b)
Start importing Assets/Resources using Guid(456f26ed74377304294964bd9b6232f3) Importer(815301076,1909f56bfc062723c751e8b465ee728b)  -> (artifact id: '03b24a18dbc1567a623aca85d020c8bc') in 0.031057 seconds 
========================================================================
Received Import Request.
  Time since last request: 2.452765 seconds.
  path: Assets/Fog/fog.png
  artifactKey: Guid(8fa1dc4bc4363fb40b816a4e35d0347f) Importer(815301076,1909f56bfc062723c751e8b465ee728b)
Start importing Assets/Fog/fog.png using Guid(8fa1dc4bc4363fb40b816a4e35d0347f) Importer(815301076,1909f56bfc062723c751e8b465ee728b)  -> (artifact id: 'ee9d649b318c8191cd2cb36ac969bd73') in 0.515134 seconds 
========================================================================
Received Import Request.
  Time since last request: 0.000027 seconds.
  path: Assets/Fog/Fog_Mat.mat
  artifactKey: Guid(882aeeb749742fb4c925d42917baeca4) Importer(815301076,1909f56bfc062723c751e8b465ee728b)
Start importing Assets/Fog/Fog_Mat.mat using Guid(882aeeb749742fb4c925d42917baeca4) Importer(815301076,1909f56bfc062723c751e8b465ee728b)  -> (artifact id: 'be49469ee37aa8e14d9c4a52c2e7e38f') in 0.449428 seconds 
========================================================================
Received Import Request.
  Time since last request: 9.928718 seconds.
  path: Assets/Scenes/Test Scene
  artifactKey: Guid(212c915514213e649abe125f23753c79) Importer(815301076,1909f56bfc062723c751e8b465ee728b)
Start importing Assets/Scenes/Test Scene using Guid(212c915514213e649abe125f23753c79) Importer(815301076,1909f56bfc062723c751e8b465ee728b)  -> (artifact id: 'ada3df74aaae20a6a78591f438221746') in 0.034165 seconds 
========================================================================
Received Import Request.
  Time since last request: 0.000041 seconds.
  path: Assets/Scenes/Test Scene/NavMesh.asset
  artifactKey: Guid(75669fdc36e67a5439c77e681b27bac5) Importer(815301076,1909f56bfc062723c751e8b465ee728b)
Start importing Assets/Scenes/Test Scene/NavMesh.asset using Guid(75669fdc36e67a5439c77e681b27bac5) Importer(815301076,1909f56bfc062723c751e8b465ee728b)  -> (artifact id: 'b17de5f257ceddc9871ea8e23f7f9efa') in 0.013509 seconds 
========================================================================
Received Import Request.
  Time since last request: 16.573968 seconds.
  path: Assets/Fog/Fog_PS.prefab
  artifactKey: Guid(2e668117a1044b94ab431cd803d1b3e2) Importer(815301076,1909f56bfc062723c751e8b465ee728b)
Start importing Assets/Fog/Fog_PS.prefab using Guid(2e668117a1044b94ab431cd803d1b3e2) Importer(815301076,1909f56bfc062723c751e8b465ee728b)  -> (artifact id: '4a4c9504bb7029d9eff3934e16e426d0') in 0.350768 seconds 
========================================================================
Received Import Request.
  Time since last request: 49.135365 seconds.
  path: Assets/Prefabs/M1911 Handgun_Black (Shooting) Variant.prefab
  artifactKey: Guid(0e8b38536f0464c47a5a2029e692af92) Importer(815301076,1909f56bfc062723c751e8b465ee728b)
Start importing Assets/Prefabs/M1911 Handgun_Black (Shooting) Variant.prefab using Guid(0e8b38536f0464c47a5a2029e692af92) Importer(815301076,1909f56bfc062723c751e8b465ee728b)  -> (artifact id: 'be7e74ecae536dc73d6a67daa96c8336') in 1.768881 seconds 
========================================================================
Received Import Request.
  Time since last request: 77.585037 seconds.
  path: Assets/Scenes/Test Scene.unity
  artifactKey: Guid(b6893651f38a1524dbb77022ba49b33d) Importer(815301076,1909f56bfc062723c751e8b465ee728b)
Start importing Assets/Scenes/Test Scene.unity using Guid(b6893651f38a1524dbb77022ba49b33d) Importer(815301076,1909f56bfc062723c751e8b465ee728b)  -> (artifact id: '8a56649be25f089bfec07bb7f59834ff') in 0.020433 seconds 
========================================================================
Received Import Request.
  Time since last request: 192.164469 seconds.
  path: Assets/Plugins
  artifactKey: Guid(02e8225fa0af365418c7c6f4ae11baca) Importer(815301076,1909f56bfc062723c751e8b465ee728b)
Start importing Assets/Plugins using Guid(02e8225fa0af365418c7c6f4ae11baca) Importer(815301076,1909f56bfc062723c751e8b465ee728b)  -> (artifact id: '3b7586e7ad49fd6ca0b8ced83367befc') in 0.034233 seconds 
========================================================================
Received Import Request.
  Time since last request: 4.852464 seconds.
  path: Assets/XRI
  artifactKey: Guid(19cce2d1d50b0b0419befed5430cb3da) Importer(815301076,1909f56bfc062723c751e8b465ee728b)
Start importing Assets/XRI using Guid(19cce2d1d50b0b0419befed5430cb3da) Importer(815301076,1909f56bfc062723c751e8b465ee728b)  -> (artifact id: 'b02ad3b65942d5bd170d1c89b303cbe5') in 0.038361 seconds 
========================================================================
Received Import Request.
  Time since last request: 0.883804 seconds.
  path: Assets/XRI/Settings
  artifactKey: Guid(5c8121750670942438104ceda7c2118f) Importer(815301076,1909f56bfc062723c751e8b465ee728b)
Start importing Assets/XRI/Settings using Guid(5c8121750670942438104ceda7c2118f) Importer(815301076,1909f56bfc062723c751e8b465ee728b)  -> (artifact id: '700eaec3bde4f1729c75e16da642dcbb') in 0.059293 seconds 
========================================================================
Received Import Request.
  Time since last request: 0.005047 seconds.
  path: Assets/XRI/Settings/XRInteractionEditorSettings.asset
  artifactKey: Guid(6b7a77097a992e840a9ec17d36299a1e) Importer(815301076,1909f56bfc062723c751e8b465ee728b)
Start importing Assets/XRI/Settings/XRInteractionEditorSettings.asset using Guid(6b7a77097a992e840a9ec17d36299a1e) Importer(815301076,1909f56bfc062723c751e8b465ee728b)  -> (artifact id: 'c2162f579c7edb0fa0df4bfc9d16c489') in 0.053483 seconds 
========================================================================
Received Import Request.
  Time since last request: 4.629574 seconds.
  path: Assets/rifle2.fbx
  artifactKey: Guid(9a898b7b91d250d4cbec91d8ab2ce91c) Importer(815301076,1909f56bfc062723c751e8b465ee728b)
Start importing Assets/rifle2.fbx using Guid(9a898b7b91d250d4cbec91d8ab2ce91c) Importer(815301076,1909f56bfc062723c751e8b465ee728b)  -> (artifact id: '78e5b298aad23ff51cf3eae19a8ef766') in 0.450958 seconds 
========================================================================
Received Import Request.
  Time since last request: 42.252847 seconds.
  path: Assets/Rifle.fbx
  artifactKey: Guid(9a898b7b91d250d4cbec91d8ab2ce91c) Importer(815301076,1909f56bfc062723c751e8b465ee728b)
Start importing Assets/Rifle.fbx using Guid(9a898b7b91d250d4cbec91d8ab2ce91c) Importer(815301076,1909f56bfc062723c751e8b465ee728b)  -> (artifact id: '4db2a64a4981009b23914954da9be122') in 0.114677 seconds 
========================================================================
Received Import Request.
  Time since last request: 49.848435 seconds.
  path: Assets/VIR Assets
  artifactKey: Guid(d5c46933aea8f8a4c8b6ea5306b5a57d) Importer(815301076,1909f56bfc062723c751e8b465ee728b)
Start importing Assets/VIR Assets using Guid(d5c46933aea8f8a4c8b6ea5306b5a57d) Importer(815301076,1909f56bfc062723c751e8b465ee728b)  -> (artifact id: '0e17a7b7f92036dc38ca400300fc1a32') in 0.019072 seconds 
========================================================================
Received Prepare
Registering precompiled user dll's ...
Registered in 0.014452 seconds.
Begin MonoManager ReloadAssembly
Symbol file LoadedFromMemory doesn't match image E:\Unity projects\Uni\VIR2-Game-for-the-blind\Game for the blind\Library\PackageCache\com.unity.visualscripting@1.7.8\Editor\VisualScripting.Core\Dependencies\DotNetZip\Unity.VisualScripting.IonicZip.dll
Symbol file LoadedFromMemory doesn't match image E:\Unity projects\Uni\VIR2-Game-for-the-blind\Game for the blind\Library\PackageCache\com.unity.visualscripting@1.7.8\Editor\VisualScripting.Core\Dependencies\YamlDotNet\Unity.VisualScripting.YamlDotNet.dll
Native extension for WindowsStandalone target not found
Native extension for Android target not found
Refreshing native plugins compatible for Editor in 1.34 ms, found 20 plugins.
Preloading 2 native plugins for Editor in 0.11 ms.
[Package Manager] Server::EnsureServerProcessIsRunning -- launch failed, reason: Unity was launched with the -noUpm command-line argument
[Package Manager] UpmClient::Send -- Unable to send message (not connected to UPM process).
[Package Manager] Cannot connect to Unity Package Manager local server
PXRLog [Build Check]RegisterBuildPlayerHandler,Already Do not show: True
UnityEngine.StackTraceUtility:ExtractStackTrace ()
UnityEngine.DebugLogHandler:LogFormat (UnityEngine.LogType,UnityEngine.Object,string,object[])
UnityEngine.Logger:Log (UnityEngine.LogType,object)
UnityEngine.Debug:Log (object)
Unity.XR.PXR.Editor.PXR_SDKBuildCheck:.cctor () (at E:/Unity projects/Uni/VIR2-Game-for-the-blind/PICO Things/PICO Unity Integration SDK v212/Editor/PXR_SDKBuildCheck.cs:30)
System.Runtime.CompilerServices.RuntimeHelpers:RunClassConstructor (System.RuntimeTypeHandle)
UnityEditor.EditorAssemblies:ProcessInitializeOnLoadAttributes (System.Type[])

(Filename: E:/Unity projects/Uni/VIR2-Game-for-the-blind/PICO Things/PICO Unity Integration SDK v212/Editor/PXR_SDKBuildCheck.cs Line: 30)

System.Reflection.TargetInvocationException: Exception has been thrown by the target of an invocation. ---> System.NullReferenceException: Object reference not set to an instance of an object
  at Unity.XR.Oculus.OculusLoader.AssetPathToAbsolutePath (System.String assetPath) [0x0003d] in E:\Unity projects\Uni\VIR2-Game-for-the-blind\Game for the blind\Library\PackageCache\com.unity.xr.oculus@3.2.1\Runtime\OculusLoader.cs:296 
  at Unity.XR.Oculus.OculusLoader.EditorLoadOVRPlugin () [0x0007b] in E:\Unity projects\Uni\VIR2-Game-for-the-blind\Game for the blind\Library\PackageCache\com.unity.xr.oculus@3.2.1\Runtime\OculusLoader.cs:281 
  at (wrapper managed-to-native) System.Reflection.RuntimeMethodInfo.InternalInvoke(System.Reflection.RuntimeMethodInfo,object,object[],System.Exception&)
  at System.Reflection.RuntimeMethodInfo.Invoke (System.Object obj, System.Reflection.BindingFlags invokeAttr, System.Reflection.Binder binder, System.Object[] parameters, System.Globalization.CultureInfo culture) [0x0006a] in <252f5a151e57406087568ebdeb88d5fe>:0 
   --- End of inner exception stack trace ---
  at System.Reflection.RuntimeMethodInfo.Invoke (System.Object obj, System.Reflection.BindingFlags invokeAttr, System.Reflection.Binder binder, System.Object[] parameters, System.Globalization.CultureInfo culture) [0x00083] in <252f5a151e57406087568ebdeb88d5fe>:0 
  at System.Reflection.MethodBase.Invoke (System.Object obj, System.Object[] parameters) [0x00000] in <252f5a151e57406087568ebdeb88d5fe>:0 
  at UnityEditor.EditorAssemblies.ProcessInitializeOnLoadMethodAttributes () [0x000a5] in <4ce403b7cdf744109283ae55cdc24285>:0 
UnityEngine.StackTraceUtility:ExtractStackTrace ()
UnityEngine.DebugLogHandler:LogFormat (UnityEngine.LogType,UnityEngine.Object,string,object[])
UnityEngine.Logger:Log (UnityEngine.LogType,object)
UnityEngine.Debug:LogError (object)
UnityEditor.EditorAssemblies:ProcessInitializeOnLoadMethodAttributes ()

Mono: successfully reloaded assembly
[Package Manager] Server::EnsureServerProcessIsRunning -- launch failed, reason: Unity was launched with the -noUpm command-line argument
[Package Manager] UpmClient::Send -- Unable to send message (not connected to UPM process).
[Package Manager] Cannot connect to Unity Package Manager local server
- Completed reload, in  6.300 seconds
Domain Reload Profiling:
	ReloadAssembly (6302ms)
		BeginReloadAssembly (2617ms)
			ExecutionOrderSort (0ms)
			DisableScriptedObjects (16ms)
			BackupInstance (0ms)
			ReleaseScriptingObjects (0ms)
			CreateAndSetChildDomain (1935ms)
		EndReloadAssembly (3561ms)
			LoadAssemblies (535ms)
			RebuildTransferFunctionScriptingTraits (1ms)
			SetupTypeCache (431ms)
				TypeCache.Initialize (423ms)
					TypeCache.ScanAssembly (411ms)
				ResolveRequiredComponents (8ms)
			ReleaseScriptCaches (2ms)
			RebuildScriptCaches (57ms)
			SetupLoadedEditorAssemblies (2716ms)
				LogAssemblyErrors (0ms)
				InitializePlatformSupportModulesInManaged (27ms)
				SetLoadedEditorAssemblies (7ms)
				RefreshPlugins (2ms)
				BeforeProcessingInitializeOnLoad (88ms)
				ProcessInitializeOnLoadAttributes (2311ms)
				ProcessInitializeOnLoadMethodAttributes (265ms)
				AfterProcessingInitializeOnLoad (15ms)
				EditorAssembliesLoaded (2ms)
			ExecutionOrderSort2 (0ms)
			AwakeInstancesAfterBackupRestoration (47ms)
Platform modules already initialized, skipping
Refreshing native plugins compatible for Editor in 31.20 ms, found 20 plugins.
Preloading 2 native plugins for Editor in 0.23 ms.
Unloading 4482 Unused Serialized files (Serialized files now loaded: 0)
Unloading 55 unused Assets / (27.1 KB). Loaded Objects now: 5030.
Memory consumption went from 0.67 GB to 0.67 GB.
Total: 53.318600 ms (FindLiveObjects: 3.156500 ms CreateObjectMapping: 10.699600 ms MarkObjects: 39.185600 ms  DeleteObjects: 0.275300 ms)

AssetImportParameters requested are different than current active one (requested -> active):
  custom:video-decoder-ogg-theora: a1e56fd34408186e4bbccfd4996cb3dc -> 
  custom:container-muxer-webm: aa71ff27fc2769a1b78a27578f13a17b -> 
  custom:container-demuxer-webm: 4f35f7cbe854078d1ac9338744f61a02 -> 
  custom:video-encoder-webm-vp8: eb34c28f22e8b96e1ab97ce403110664 -> 
  custom:audio-encoder-webm-vorbis: bf7c407c2cedff20999df2af8eb42d56 -> 
  custom:framework-win-MediaFoundation: 216162199b28c13a410421893ffa2e32 -> 
  custom:container-demuxer-ogg: 62fdf1f143b41e24485cea50d1cbac27 -> 
  custom:video-decoder-webm-vp8: 9c59270c3fd7afecdb556c50c9e8de78 -> 
  custom:audio-decoder-ogg-vorbis: bf7c407c2cedff20999df2af8eb42d56 -> 
========================================================================
Received Prepare
Registering precompiled user dll's ...
Registered in 0.012856 seconds.
Begin MonoManager ReloadAssembly
Symbol file LoadedFromMemory doesn't match image E:\Unity projects\Uni\VIR2-Game-for-the-blind\Game for the blind\Library\PackageCache\com.unity.visualscripting@1.7.8\Editor\VisualScripting.Core\Dependencies\DotNetZip\Unity.VisualScripting.IonicZip.dll
Symbol file LoadedFromMemory doesn't match image E:\Unity projects\Uni\VIR2-Game-for-the-blind\Game for the blind\Library\PackageCache\com.unity.visualscripting@1.7.8\Editor\VisualScripting.Core\Dependencies\YamlDotNet\Unity.VisualScripting.YamlDotNet.dll
Native extension for WindowsStandalone target not found
Native extension for Android target not found
Refreshing native plugins compatible for Editor in 2.25 ms, found 20 plugins.
Preloading 2 native plugins for Editor in 0.11 ms.
[Package Manager] Server::EnsureServerProcessIsRunning -- launch failed, reason: Unity was launched with the -noUpm command-line argument
[Package Manager] UpmClient::Send -- Unable to send message (not connected to UPM process).
[Package Manager] Cannot connect to Unity Package Manager local server
PXRLog [Build Check]RegisterBuildPlayerHandler,Already Do not show: True
UnityEngine.StackTraceUtility:ExtractStackTrace ()
UnityEngine.DebugLogHandler:LogFormat (UnityEngine.LogType,UnityEngine.Object,string,object[])
UnityEngine.Logger:Log (UnityEngine.LogType,object)
UnityEngine.Debug:Log (object)
Unity.XR.PXR.Editor.PXR_SDKBuildCheck:.cctor () (at E:/Unity projects/Uni/VIR2-Game-for-the-blind/PICO Things/PICO Unity Integration SDK v212/Editor/PXR_SDKBuildCheck.cs:30)
System.Runtime.CompilerServices.RuntimeHelpers:RunClassConstructor (System.RuntimeTypeHandle)
UnityEditor.EditorAssemblies:ProcessInitializeOnLoadAttributes (System.Type[])

(Filename: E:/Unity projects/Uni/VIR2-Game-for-the-blind/PICO Things/PICO Unity Integration SDK v212/Editor/PXR_SDKBuildCheck.cs Line: 30)

System.Reflection.TargetInvocationException: Exception has been thrown by the target of an invocation. ---> System.NullReferenceException: Object reference not set to an instance of an object
  at Unity.XR.Oculus.OculusLoader.AssetPathToAbsolutePath (System.String assetPath) [0x0003d] in E:\Unity projects\Uni\VIR2-Game-for-the-blind\Game for the blind\Library\PackageCache\com.unity.xr.oculus@3.2.1\Runtime\OculusLoader.cs:296 
  at Unity.XR.Oculus.OculusLoader.EditorLoadOVRPlugin () [0x0007b] in E:\Unity projects\Uni\VIR2-Game-for-the-blind\Game for the blind\Library\PackageCache\com.unity.xr.oculus@3.2.1\Runtime\OculusLoader.cs:281 
  at (wrapper managed-to-native) System.Reflection.RuntimeMethodInfo.InternalInvoke(System.Reflection.RuntimeMethodInfo,object,object[],System.Exception&)
  at System.Reflection.RuntimeMethodInfo.Invoke (System.Object obj, System.Reflection.BindingFlags invokeAttr, System.Reflection.Binder binder, System.Object[] parameters, System.Globalization.CultureInfo culture) [0x0006a] in <252f5a151e57406087568ebdeb88d5fe>:0 
   --- End of inner exception stack trace ---
  at System.Reflection.RuntimeMethodInfo.Invoke (System.Object obj, System.Reflection.BindingFlags invokeAttr, System.Reflection.Binder binder, System.Object[] parameters, System.Globalization.CultureInfo culture) [0x00083] in <252f5a151e57406087568ebdeb88d5fe>:0 
  at System.Reflection.MethodBase.Invoke (System.Object obj, System.Object[] parameters) [0x00000] in <252f5a151e57406087568ebdeb88d5fe>:0 
  at UnityEditor.EditorAssemblies.ProcessInitializeOnLoadMethodAttributes () [0x000a5] in <4ce403b7cdf744109283ae55cdc24285>:0 
UnityEngine.StackTraceUtility:ExtractStackTrace ()
UnityEngine.DebugLogHandler:LogFormat (UnityEngine.LogType,UnityEngine.Object,string,object[])
UnityEngine.Logger:Log (UnityEngine.LogType,object)
UnityEngine.Debug:LogError (object)
UnityEditor.EditorAssemblies:ProcessInitializeOnLoadMethodAttributes ()

Mono: successfully reloaded assembly
[Package Manager] Server::EnsureServerProcessIsRunning -- launch failed, reason: Unity was launched with the -noUpm command-line argument
[Package Manager] UpmClient::Send -- Unable to send message (not connected to UPM process).
[Package Manager] Cannot connect to Unity Package Manager local server
- Completed reload, in  6.055 seconds
Domain Reload Profiling:
	ReloadAssembly (6056ms)
		BeginReloadAssembly (288ms)
			ExecutionOrderSort (0ms)
			DisableScriptedObjects (9ms)
			BackupInstance (0ms)
			ReleaseScriptingObjects (0ms)
			CreateAndSetChildDomain (120ms)
		EndReloadAssembly (5617ms)
			LoadAssemblies (193ms)
			RebuildTransferFunctionScriptingTraits (0ms)
			SetupTypeCache (1476ms)
				TypeCache.Initialize (1425ms)
					TypeCache.ScanAssembly (1402ms)
				ResolveRequiredComponents (50ms)
			ReleaseScriptCaches (2ms)
			RebuildScriptCaches (183ms)
			SetupLoadedEditorAssemblies (3145ms)
				LogAssemblyErrors (0ms)
				InitializePlatformSupportModulesInManaged (155ms)
				SetLoadedEditorAssemblies (24ms)
				RefreshPlugins (2ms)
				BeforeProcessingInitializeOnLoad (451ms)
				ProcessInitializeOnLoadAttributes (2209ms)
				ProcessInitializeOnLoadMethodAttributes (280ms)
				AfterProcessingInitializeOnLoad (23ms)
				EditorAssembliesLoaded (1ms)
			ExecutionOrderSort2 (0ms)
			AwakeInstancesAfterBackupRestoration (41ms)
Platform modules already initialized, skipping
Refreshing native plugins compatible for Editor in 36.66 ms, found 20 plugins.
Preloading 2 native plugins for Editor in 0.12 ms.
Unloading 4483 Unused Serialized files (Serialized files now loaded: 0)
Unloading 52 unused Assets / (34.6 KB). Loaded Objects now: 5034.
Memory consumption went from 0.67 GB to 0.67 GB.
Total: 15.735400 ms (FindLiveObjects: 0.640000 ms CreateObjectMapping: 0.640100 ms MarkObjects: 14.382100 ms  DeleteObjects: 0.071700 ms)

AssetImportParameters requested are different than current active one (requested -> active):
  custom:video-decoder-ogg-theora: a1e56fd34408186e4bbccfd4996cb3dc -> 
  custom:container-muxer-webm: aa71ff27fc2769a1b78a27578f13a17b -> 
  custom:container-demuxer-webm: 4f35f7cbe854078d1ac9338744f61a02 -> 
  custom:video-encoder-webm-vp8: eb34c28f22e8b96e1ab97ce403110664 -> 
  custom:audio-encoder-webm-vorbis: bf7c407c2cedff20999df2af8eb42d56 -> 
  custom:framework-win-MediaFoundation: 216162199b28c13a410421893ffa2e32 -> 
  custom:container-demuxer-ogg: 62fdf1f143b41e24485cea50d1cbac27 -> 
  custom:video-decoder-webm-vp8: 9c59270c3fd7afecdb556c50c9e8de78 -> 
  custom:audio-decoder-ogg-vorbis: bf7c407c2cedff20999df2af8eb42d56 -> 
